<?xml version="1.0" encoding="UTF-8"?>
<!-- Generated by org.testng.reporters.JUnitReportReporter -->
<testsuite hostname="DESKTOP-IOFSSG5" failures="0" tests="1" name="com.orangehrm.testcase.TC_AddEmployee_002" time="25.524" errors="0" timestamp="2023-04-30T10:38:01 IST" skipped="0">
  <testcase classname="com.orangehrm.testcase.TC_AddEmployee_002" name="addEmployee" time="25.524"/>
  <system-out/>
</testsuite> <!-- com.orangehrm.testcase.TC_AddEmployee_002 -->
