<?xml version="1.0" encoding="UTF-8"?>
<!-- Generated by org.testng.reporters.JUnitReportReporter -->
<testsuite hostname="DESKTOP-IOFSSG5" failures="0" tests="1" name="com.orangehrm.testcase.TC_AddEmployee_002" time="48.691" errors="0" timestamp="2023-04-29T15:02:20 IST" skipped="0">
  <testcase classname="com.orangehrm.testcase.TC_AddEmployee_002" name="addEmployee" time="48.691"/>
  <system-out/>
</testsuite> <!-- com.orangehrm.testcase.TC_AddEmployee_002 -->
