<?xml version="1.0" encoding="UTF-8"?>
<!-- Generated by org.testng.reporters.JUnitReportReporter -->
<testsuite hostname="DESKTOP-IOFSSG5" failures="0" tests="1" name="com.orangehrm.testcase.TC_LoginTest_001" time="12.519" errors="0" timestamp="2023-04-13T08:47:39 IST" skipped="0">
  <testcase classname="com.orangehrm.testcase.TC_LoginTest_001" name="loginTest" time="12.519"/>
  <system-out/>
</testsuite> <!-- com.orangehrm.testcase.TC_LoginTest_001 -->
