<?xml version="1.0" encoding="UTF-8"?>
<!-- Generated by org.testng.reporters.JUnitReportReporter -->
<testsuite hostname="DESKTOP-IOFSSG5" failures="0" tests="1" name="com.orangehrm.testcase.TC_AddEmployee_002" time="58.670" errors="0" timestamp="2023-04-14T17:58:16 IST" skipped="0">
  <testcase classname="com.orangehrm.testcase.TC_AddEmployee_002" name="addEmployee" time="58.670"/>
  <system-out/>
</testsuite> <!-- com.orangehrm.testcase.TC_AddEmployee_002 -->
